<?xml version="1.0" encoding="UTF-8" standalone="no"?><testsuites><testsuite errors="0" failures="0" hostname="emulator-5554_andro14_unknown_google_sdk" name="com.elephanti.elephanti.test" tests="2" time="6.4120" timestamp="Mon Apr 14 12:04:55 IST 2014"><properties>
[...]
</properties><testcase classname="com.elephanti.elephanti.test.HelloAndroidActivityTest" name="testActivity" time="2.9850"/><testcase classname="com.elephanti.elephanti.test.MainActivityTest" name="testActivity" time="3.3460"/></testsuite></testsuites>