<?xml version="1.0" encoding="UTF-8" standalone="no"?><testsuites><testsuite errors="0" failures="0" hostname="BX903J7181_Sony_C6603" name="com.elephanti.elephanti.test" tests="2" time="1.4770" timestamp="Wed Apr 16 11:33:15 IST 2014"><properties>
[...]
</properties><testcase classname="com.elephanti.elephanti.test.HelloAndroidActivityTest" name="testActivity" time="0.5880"/><testcase classname="com.elephanti.elephanti.test.MainActivityTest" name="testActivity" time="0.8460"/></testsuite></testsuites>